<?xml version="1.0" encoding="UTF-8"?>
<testsuite xmlns:xsi="http://www.w3.org/2001/XMLSchema-instance" xsi:noNamespaceSchemaLocation="https://maven.apache.org/surefire/maven-surefire-plugin/xsd/surefire-test-report.xsd" version="3.0.2" name="io.github.tanmaysinghx.cipher.spring.config.CipherAutoConfigurationTest" time="0.247" tests="2" errors="0" skipped="0" failures="0">
  <properties>
[...]
</properties>
  <testcase name="shouldNotLoadBeansWhenDisabled" classname="io.github.tanmaysinghx.cipher.spring.config.CipherAutoConfigurationTest" time="0.045"/>
  <testcase name="shouldInitializeAllBeansWithValidProperties" classname="io.github.tanmaysinghx.cipher.spring.config.CipherAutoConfigurationTest" time="0.158">
    <system-out><![CDATA[23:01:40.513 [main] INFO org.hibernate.validator.internal.util.Version -- HV000001: Hibernate Validator 8.0.1.Final
]]></system-out>
    <system-err><![CDATA[Sept 01, 2026 11:01:40 PM jakarta.persistence.spi.PersistenceProviderResolverHolder$DefaultPersistenceProviderResolver log
WARNING: jakarta.persistence.spi::No valid providers found.
]]></system-err>
  </testcase>
</testsuite>